<?xml version="1.0" encoding="UTF-8"?>
<coverage generated="1522440963905" clover="3.2.0">
  <project timestamp="1522440963905" name="All files">
    <metrics statements="89" coveredstatements="13" conditionals="18" coveredconditionals="0" methods="31" coveredmethods="0" elements="138" coveredelements="13" complexity="0" loc="89" ncloc="89" packages="5" files="16" classes="16">
      <package name="__test__">
        <metrics statements="7" coveredstatements="1" conditionals="0" coveredconditionals="0" methods="1" coveredmethods="0"/>
        <file name="testUtil.js" path="/Users/djp/401/shooters-log-graphql/__test__/testUtil.js">
          <metrics statements="7" coveredstatements="1" conditionals="0" coveredconditionals="0" methods="1" coveredmethods="0"/>
          <line num="6" count="1" type="stmt"/>
          <line num="7" count="0" type="stmt"/>
          <line num="8" count="0" type="stmt"/>
          <line num="9" count="0" type="stmt"/>
          <line num="10" count="0" type="stmt"/>
          <line num="11" count="0" type="stmt"/>
          <line num="12" count="0" type="stmt"/>
        </file>
      </package>
      <package name="graphql.mutations">
        <metrics statements="7" coveredstatements="1" conditionals="0" coveredconditionals="0" methods="1" coveredmethods="0"/>
        <file name="sign-up-mutation.js" path="/Users/djp/401/shooters-log-graphql/graphql/mutations/sign-up-mutation.js">
          <metrics statements="7" coveredstatements="1" conditionals="0" coveredconditionals="0" methods="1" coveredmethods="0"/>
          <line num="17" count="1" type="stmt"/>
          <line num="44" count="0" type="stmt"/>
          <line num="45" count="0" type="stmt"/>
          <line num="46" count="0" type="stmt"/>
          <line num="47" count="0" type="stmt"/>
          <line num="48" count="0" type="stmt"/>
          <line num="50" count="0" type="stmt"/>
        </file>
      </package>
      <package name="graphql.queries">
        <metrics statements="28" coveredstatements="2" conditionals="12" coveredconditionals="0" methods="6" coveredmethods="0"/>
        <file name="match-query.js" path="/Users/djp/401/shooters-log-graphql/graphql/queries/match-query.js">
          <metrics statements="14" coveredstatements="1" conditionals="6" coveredconditionals="0" methods="3" coveredmethods="0"/>
          <line num="16" count="1" type="stmt"/>
          <line num="26" count="0" type="cond" truecount="0" falsecount="2"/>
          <line num="27" count="0" type="stmt"/>
          <line num="29" count="0" type="stmt"/>
          <line num="30" count="0" type="stmt"/>
          <line num="42" count="0" type="cond" truecount="0" falsecount="2"/>
          <line num="43" count="0" type="stmt"/>
          <line num="45" count="0" type="stmt"/>
          <line num="46" count="0" type="stmt"/>
          <line num="53" count="0" type="cond" truecount="0" falsecount="2"/>
          <line num="54" count="0" type="stmt"/>
          <line num="56" count="0" type="stmt"/>
          <line num="57" count="0" type="stmt"/>
          <line num="58" count="0" type="stmt"/>
        </file>
        <file name="shot-query.js" path="/Users/djp/401/shooters-log-graphql/graphql/queries/shot-query.js">
          <metrics statements="14" coveredstatements="1" conditionals="6" coveredconditionals="0" methods="3" coveredmethods="0"/>
          <line num="17" count="1" type="stmt"/>
          <line num="27" count="0" type="cond" truecount="0" falsecount="2"/>
          <line num="28" count="0" type="stmt"/>
          <line num="30" count="0" type="stmt"/>
          <line num="31" count="0" type="stmt"/>
          <line num="43" count="0" type="cond" truecount="0" falsecount="2"/>
          <line num="44" count="0" type="stmt"/>
          <line num="46" count="0" type="stmt"/>
          <line num="47" count="0" type="stmt"/>
          <line num="48" count="0" type="stmt"/>
          <line num="61" count="0" type="cond" truecount="0" falsecount="2"/>
          <line num="62" count="0" type="stmt"/>
          <line num="64" count="0" type="stmt"/>
          <line num="65" count="0" type="stmt"/>
        </file>
      </package>
      <package name="graphql.types">
        <metrics statements="12" coveredstatements="0" conditionals="0" coveredconditionals="0" methods="9" coveredmethods="0"/>
        <file name="barrel-type.js" path="/Users/djp/401/shooters-log-graphql/graphql/types/barrel-type.js">
          <metrics statements="1" coveredstatements="0" conditionals="0" coveredconditionals="0" methods="1" coveredmethods="0"/>
          <line num="14" count="0" type="stmt"/>
        </file>
        <file name="competition-type.js" path="/Users/djp/401/shooters-log-graphql/graphql/types/competition-type.js">
          <metrics statements="3" coveredstatements="0" conditionals="0" coveredconditionals="0" methods="2" coveredmethods="0"/>
          <line num="18" count="0" type="stmt"/>
          <line num="40" count="0" type="stmt"/>
          <line num="41" count="0" type="stmt"/>
        </file>
        <file name="load-type.js" path="/Users/djp/401/shooters-log-graphql/graphql/types/load-type.js">
          <metrics statements="1" coveredstatements="0" conditionals="0" coveredconditionals="0" methods="1" coveredmethods="0"/>
          <line num="12" count="0" type="stmt"/>
        </file>
        <file name="match-type.js" path="/Users/djp/401/shooters-log-graphql/graphql/types/match-type.js">
          <metrics statements="3" coveredstatements="0" conditionals="0" coveredconditionals="0" methods="2" coveredmethods="0"/>
          <line num="17" count="0" type="stmt"/>
          <line num="60" count="0" type="stmt"/>
          <line num="61" count="0" type="stmt"/>
        </file>
        <file name="rifle-type.js" path="/Users/djp/401/shooters-log-graphql/graphql/types/rifle-type.js">
          <metrics statements="3" coveredstatements="0" conditionals="0" coveredconditionals="0" methods="2" coveredmethods="0"/>
          <line num="17" count="0" type="stmt"/>
          <line num="42" count="0" type="stmt"/>
          <line num="43" count="0" type="stmt"/>
        </file>
        <file name="shot-type.js" path="/Users/djp/401/shooters-log-graphql/graphql/types/shot-type.js">
          <metrics statements="0" coveredstatements="0" conditionals="0" coveredconditionals="0" methods="0" coveredmethods="0"/>
        </file>
        <file name="user-type.js" path="/Users/djp/401/shooters-log-graphql/graphql/types/user-type.js">
          <metrics statements="1" coveredstatements="0" conditionals="0" coveredconditionals="0" methods="1" coveredmethods="0"/>
          <line num="19" count="0" type="stmt"/>
        </file>
      </package>
      <package name="models">
        <metrics statements="35" coveredstatements="9" conditionals="6" coveredconditionals="0" methods="14" coveredmethods="0"/>
        <file name="barrel-model.js" path="/Users/djp/401/shooters-log-graphql/models/barrel-model.js">
          <metrics statements="1" coveredstatements="1" conditionals="0" coveredconditionals="0" methods="0" coveredmethods="0"/>
          <line num="4" count="1" type="stmt"/>
        </file>
        <file name="competition-model.js" path="/Users/djp/401/shooters-log-graphql/models/competition-model.js">
          <metrics statements="1" coveredstatements="1" conditionals="0" coveredconditionals="0" methods="0" coveredmethods="0"/>
          <line num="5" count="1" type="stmt"/>
        </file>
        <file name="match-model.js" path="/Users/djp/401/shooters-log-graphql/models/match-model.js">
          <metrics statements="1" coveredstatements="1" conditionals="0" coveredconditionals="0" methods="0" coveredmethods="0"/>
          <line num="4" count="1" type="stmt"/>
        </file>
        <file name="shot-model.js" path="/Users/djp/401/shooters-log-graphql/models/shot-model.js">
          <metrics statements="1" coveredstatements="1" conditionals="0" coveredconditionals="0" methods="0" coveredmethods="0"/>
          <line num="4" count="1" type="stmt"/>
        </file>
        <file name="user-model.js" path="/Users/djp/401/shooters-log-graphql/models/user-model.js">
          <metrics statements="31" coveredstatements="5" conditionals="6" coveredconditionals="0" methods="14" coveredmethods="0"/>
          <line num="5" count="1" type="stmt"/>
          <line num="17" count="1" type="stmt"/>
          <line num="18" count="0" type="stmt"/>
          <line num="19" count="0" type="stmt"/>
          <line num="20" count="0" type="stmt"/>
          <line num="21" count="0" type="stmt"/>
          <line num="22" count="0" type="stmt"/>
          <line num="23" count="0" type="stmt"/>
          <line num="28" count="1" type="stmt"/>
          <line num="29" count="0" type="stmt"/>
          <line num="30" count="0" type="stmt"/>
          <line num="31" count="0" type="stmt"/>
          <line num="32" count="0" type="cond" truecount="0" falsecount="2"/>
          <line num="33" count="0" type="cond" truecount="0" falsecount="2"/>
          <line num="34" count="0" type="stmt"/>
          <line num="39" count="1" type="stmt"/>
          <line num="40" count="0" type="stmt"/>
          <line num="41" count="0" type="stmt"/>
          <line num="42" count="0" type="stmt"/>
          <line num="43" count="0" type="stmt"/>
          <line num="46" count="0" type="stmt"/>
          <line num="47" count="0" type="stmt"/>
          <line num="48" count="0" type="stmt"/>
          <line num="50" count="0" type="cond" truecount="0" falsecount="2"/>
          <line num="51" count="0" type="stmt"/>
          <line num="52" count="0" type="stmt"/>
          <line num="58" count="1" type="stmt"/>
          <line num="59" count="0" type="stmt"/>
          <line num="60" count="0" type="stmt"/>
          <line num="61" count="0" type="stmt"/>
          <line num="62" count="0" type="stmt"/>
        </file>
      </package>
    </metrics>
  </project>
</coverage>
