{"/Users/djp/401/shooters-log-graphql/__test__/testUtil.js": {"path":"/Users/djp/401/shooters-log-graphql/__test__/testUtil.js","statementMap":{"0":{"start":{"line":6,"column":2},"end":{"line":13,"column":4}},"1":{"start":{"line":7,"column":4},"end":{"line":7,"column":46}},"2":{"start":{"line":8,"column":21},"end":{"line":8,"column":49}},"3":{"start":{"line":9,"column":22},"end":{"line":9,"column":57}},"4":{"start":{"line":10,"column":4},"end":{"line":10,"column":32}},"5":{"start":{"line":11,"column":15},"end":{"line":11,"column":34}},"6":{"start":{"line":12,"column":4},"end":{"line":12,"column":19}}},"fnMap":{"0":{"name":"(anonymous_0)","decl":{"start":{"line":6,"column":31},"end":{"line":6,"column":32}},"loc":{"start":{"line":6,"column":42},"end":{"line":13,"column":3}},"line":6}},"branchMap":{},"s":{"0":1,"1":0,"2":0,"3":0,"4":0,"5":0,"6":0},"f":{"0":0},"b":{},"_coverageSchema":"332fd63041d2c1bcb487cc26dd0d5f7d97098a6c","hash":"b7b1c014c13d5fbb21d3023d2037094d0bcedce4"}
,"/Users/djp/401/shooters-log-graphql/graphql/mutations/sign-up-mutation.js": {"path":"/Users/djp/401/shooters-log-graphql/graphql/mutations/sign-up-mutation.js","statementMap":{"0":{"start":{"line":17,"column":24},"end":{"line":62,"column":3}},"1":{"start":{"line":44,"column":6},"end":{"line":44,"column":52}},"2":{"start":{"line":45,"column":6},"end":{"line":45,"column":59}},"3":{"start":{"line":46,"column":6},"end":{"line":46,"column":47}},"4":{"start":{"line":47,"column":23},"end":{"line":47,"column":68}},"5":{"start":{"line":48,"column":6},"end":{"line":48,"column":42}},"6":{"start":{"line":50,"column":6},"end":{"line":59,"column":11}}},"fnMap":{"0":{"name":"(anonymous_0)","decl":{"start":{"line":43,"column":13},"end":{"line":43,"column":14}},"loc":{"start":{"line":43,"column":44},"end":{"line":60,"column":7}},"line":43}},"branchMap":{},"s":{"0":1,"1":0,"2":0,"3":0,"4":0,"5":0,"6":0},"f":{"0":0},"b":{},"_coverageSchema":"332fd63041d2c1bcb487cc26dd0d5f7d97098a6c","hash":"73351e9bcd67f5f9f6668a49c663d0a4d091ea90"}
,"/Users/djp/401/shooters-log-graphql/graphql/queries/match-query.js": {"path":"/Users/djp/401/shooters-log-graphql/graphql/queries/match-query.js","statementMap":{"0":{"start":{"line":16,"column":23},"end":{"line":61,"column":1}},"1":{"start":{"line":26,"column":6},"end":{"line":28,"column":7}},"2":{"start":{"line":27,"column":8},"end":{"line":27,"column":49}},"3":{"start":{"line":29,"column":19},"end":{"line":29,"column":83}},"4":{"start":{"line":30,"column":6},"end":{"line":30,"column":19}},"5":{"start":{"line":42,"column":6},"end":{"line":44,"column":7}},"6":{"start":{"line":43,"column":8},"end":{"line":43,"column":49}},"7":{"start":{"line":45,"column":22},"end":{"line":45,"column":103}},"8":{"start":{"line":46,"column":6},"end":{"line":46,"column":21}},"9":{"start":{"line":53,"column":6},"end":{"line":55,"column":7}},"10":{"start":{"line":54,"column":8},"end":{"line":54,"column":49}},"11":{"start":{"line":56,"column":4},"end":{"line":56,"column":40}},"12":{"start":{"line":57,"column":20},"end":{"line":57,"column":65}},"13":{"start":{"line":58,"column":4},"end":{"line":58,"column":19}}},"fnMap":{"0":{"name":"(anonymous_0)","decl":{"start":{"line":25,"column":13},"end":{"line":25,"column":14}},"loc":{"start":{"line":25,"column":48},"end":{"line":31,"column":5}},"line":25},"1":{"name":"(anonymous_1)","decl":{"start":{"line":41,"column":13},"end":{"line":41,"column":14}},"loc":{"start":{"line":41,"column":48},"end":{"line":47,"column":5}},"line":41},"2":{"name":"(anonymous_2)","decl":{"start":{"line":52,"column":13},"end":{"line":52,"column":14}},"loc":{"start":{"line":52,"column":46},"end":{"line":59,"column":5}},"line":52}},"branchMap":{"0":{"loc":{"start":{"line":26,"column":6},"end":{"line":28,"column":7}},"type":"if","locations":[{"start":{"line":26,"column":6},"end":{"line":28,"column":7}},{"start":{"line":26,"column":6},"end":{"line":28,"column":7}}],"line":26},"1":{"loc":{"start":{"line":42,"column":6},"end":{"line":44,"column":7}},"type":"if","locations":[{"start":{"line":42,"column":6},"end":{"line":44,"column":7}},{"start":{"line":42,"column":6},"end":{"line":44,"column":7}}],"line":42},"2":{"loc":{"start":{"line":53,"column":6},"end":{"line":55,"column":7}},"type":"if","locations":[{"start":{"line":53,"column":6},"end":{"line":55,"column":7}},{"start":{"line":53,"column":6},"end":{"line":55,"column":7}}],"line":53}},"s":{"0":1,"1":0,"2":0,"3":0,"4":0,"5":0,"6":0,"7":0,"8":0,"9":0,"10":0,"11":0,"12":0,"13":0},"f":{"0":0,"1":0,"2":0},"b":{"0":[0,0],"1":[0,0],"2":[0,0]},"_coverageSchema":"332fd63041d2c1bcb487cc26dd0d5f7d97098a6c","hash":"4c15ec256958f7c3f1ce264e7374828dc1faf18c"}
,"/Users/djp/401/shooters-log-graphql/graphql/queries/shot-query.js": {"path":"/Users/djp/401/shooters-log-graphql/graphql/queries/shot-query.js","statementMap":{"0":{"start":{"line":17,"column":22},"end":{"line":69,"column":1}},"1":{"start":{"line":27,"column":6},"end":{"line":29,"column":7}},"2":{"start":{"line":28,"column":8},"end":{"line":28,"column":49}},"3":{"start":{"line":30,"column":19},"end":{"line":30,"column":82}},"4":{"start":{"line":31,"column":6},"end":{"line":31,"column":18}},"5":{"start":{"line":43,"column":6},"end":{"line":45,"column":7}},"6":{"start":{"line":44,"column":8},"end":{"line":44,"column":49}},"7":{"start":{"line":46,"column":6},"end":{"line":46,"column":43}},"8":{"start":{"line":47,"column":20},"end":{"line":47,"column":88}},"9":{"start":{"line":48,"column":6},"end":{"line":48,"column":19}},"10":{"start":{"line":61,"column":6},"end":{"line":63,"column":7}},"11":{"start":{"line":62,"column":8},"end":{"line":62,"column":49}},"12":{"start":{"line":64,"column":20},"end":{"line":64,"column":92}},"13":{"start":{"line":65,"column":6},"end":{"line":65,"column":19}}},"fnMap":{"0":{"name":"(anonymous_0)","decl":{"start":{"line":26,"column":13},"end":{"line":26,"column":14}},"loc":{"start":{"line":26,"column":48},"end":{"line":32,"column":7}},"line":26},"1":{"name":"(anonymous_1)","decl":{"start":{"line":42,"column":13},"end":{"line":42,"column":14}},"loc":{"start":{"line":42,"column":49},"end":{"line":49,"column":7}},"line":42},"2":{"name":"(anonymous_2)","decl":{"start":{"line":60,"column":13},"end":{"line":60,"column":14}},"loc":{"start":{"line":60,"column":48},"end":{"line":66,"column":5}},"line":60}},"branchMap":{"0":{"loc":{"start":{"line":27,"column":6},"end":{"line":29,"column":7}},"type":"if","locations":[{"start":{"line":27,"column":6},"end":{"line":29,"column":7}},{"start":{"line":27,"column":6},"end":{"line":29,"column":7}}],"line":27},"1":{"loc":{"start":{"line":43,"column":6},"end":{"line":45,"column":7}},"type":"if","locations":[{"start":{"line":43,"column":6},"end":{"line":45,"column":7}},{"start":{"line":43,"column":6},"end":{"line":45,"column":7}}],"line":43},"2":{"loc":{"start":{"line":61,"column":6},"end":{"line":63,"column":7}},"type":"if","locations":[{"start":{"line":61,"column":6},"end":{"line":63,"column":7}},{"start":{"line":61,"column":6},"end":{"line":63,"column":7}}],"line":61}},"s":{"0":1,"1":0,"2":0,"3":0,"4":0,"5":0,"6":0,"7":0,"8":0,"9":0,"10":0,"11":0,"12":0,"13":0},"f":{"0":0,"1":0,"2":0},"b":{"0":[0,0],"1":[0,0],"2":[0,0]},"_coverageSchema":"332fd63041d2c1bcb487cc26dd0d5f7d97098a6c","hash":"8bbef80f2fb4767c419efe9da48f60616b04c093"}
,"/Users/djp/401/shooters-log-graphql/graphql/types/barrel-type.js": {"path":"/Users/djp/401/shooters-log-graphql/graphql/types/barrel-type.js","statementMap":{"0":{"start":{"line":14,"column":17},"end":{"line":42,"column":3}}},"fnMap":{"0":{"name":"(anonymous_0)","decl":{"start":{"line":14,"column":10},"end":{"line":14,"column":11}},"loc":{"start":{"line":14,"column":17},"end":{"line":42,"column":3}},"line":14}},"branchMap":{},"s":{"0":0},"f":{"0":0},"b":{},"_coverageSchema":"332fd63041d2c1bcb487cc26dd0d5f7d97098a6c","hash":"45a411634dec3ad8bb3f1c533ce53b643e2faf16"}
,"/Users/djp/401/shooters-log-graphql/graphql/types/competition-type.js": {"path":"/Users/djp/401/shooters-log-graphql/graphql/types/competition-type.js","statementMap":{"0":{"start":{"line":18,"column":17},"end":{"line":44,"column":3}},"1":{"start":{"line":40,"column":26},"end":{"line":40,"column":108}},"2":{"start":{"line":41,"column":10},"end":{"line":41,"column":25}}},"fnMap":{"0":{"name":"(anonymous_0)","decl":{"start":{"line":18,"column":10},"end":{"line":18,"column":11}},"loc":{"start":{"line":18,"column":17},"end":{"line":44,"column":3}},"line":18},"1":{"name":"(anonymous_1)","decl":{"start":{"line":39,"column":16},"end":{"line":39,"column":17}},"loc":{"start":{"line":39,"column":54},"end":{"line":42,"column":7}},"line":39}},"branchMap":{},"s":{"0":0,"1":0,"2":0},"f":{"0":0,"1":0},"b":{},"_coverageSchema":"332fd63041d2c1bcb487cc26dd0d5f7d97098a6c","hash":"157fa6b0831048cc790caeaee5b6976248da71e9"}
,"/Users/djp/401/shooters-log-graphql/graphql/types/load-type.js": {"path":"/Users/djp/401/shooters-log-graphql/graphql/types/load-type.js","statementMap":{"0":{"start":{"line":12,"column":17},"end":{"line":64,"column":3}}},"fnMap":{"0":{"name":"(anonymous_0)","decl":{"start":{"line":12,"column":10},"end":{"line":12,"column":11}},"loc":{"start":{"line":12,"column":17},"end":{"line":64,"column":3}},"line":12}},"branchMap":{},"s":{"0":0},"f":{"0":0},"b":{},"_coverageSchema":"332fd63041d2c1bcb487cc26dd0d5f7d97098a6c","hash":"45e701f94abaf76c3824893e5c17c4e311144e78"}
,"/Users/djp/401/shooters-log-graphql/graphql/types/match-type.js": {"path":"/Users/djp/401/shooters-log-graphql/graphql/types/match-type.js","statementMap":{"0":{"start":{"line":17,"column":17},"end":{"line":64,"column":3}},"1":{"start":{"line":60,"column":20},"end":{"line":60,"column":89}},"2":{"start":{"line":61,"column":6},"end":{"line":61,"column":19}}},"fnMap":{"0":{"name":"(anonymous_0)","decl":{"start":{"line":17,"column":10},"end":{"line":17,"column":11}},"loc":{"start":{"line":17,"column":17},"end":{"line":64,"column":3}},"line":17},"1":{"name":"(anonymous_1)","decl":{"start":{"line":59,"column":15},"end":{"line":59,"column":16}},"loc":{"start":{"line":59,"column":47},"end":{"line":62,"column":7}},"line":59}},"branchMap":{},"s":{"0":0,"1":0,"2":0},"f":{"0":0,"1":0},"b":{},"_coverageSchema":"332fd63041d2c1bcb487cc26dd0d5f7d97098a6c","hash":"0ff9032c58b7f3e0ed2bdbf509fdc9a910d9e0d4"}
,"/Users/djp/401/shooters-log-graphql/graphql/types/rifle-type.js": {"path":"/Users/djp/401/shooters-log-graphql/graphql/types/rifle-type.js","statementMap":{"0":{"start":{"line":17,"column":17},"end":{"line":46,"column":3}},"1":{"start":{"line":42,"column":23},"end":{"line":42,"column":105}},"2":{"start":{"line":43,"column":8},"end":{"line":43,"column":22}}},"fnMap":{"0":{"name":"(anonymous_0)","decl":{"start":{"line":17,"column":10},"end":{"line":17,"column":11}},"loc":{"start":{"line":17,"column":17},"end":{"line":46,"column":3}},"line":17},"1":{"name":"(anonymous_1)","decl":{"start":{"line":41,"column":15},"end":{"line":41,"column":16}},"loc":{"start":{"line":41,"column":48},"end":{"line":44,"column":7}},"line":41}},"branchMap":{},"s":{"0":0,"1":0,"2":0},"f":{"0":0,"1":0},"b":{},"_coverageSchema":"332fd63041d2c1bcb487cc26dd0d5f7d97098a6c","hash":"cc4c3214db71afb15d80f1f1a14c7bc545292c9d"}
,"/Users/djp/401/shooters-log-graphql/graphql/types/shot-type.js": {"path":"/Users/djp/401/shooters-log-graphql/graphql/types/shot-type.js","statementMap":{},"fnMap":{},"branchMap":{},"s":{},"f":{},"b":{},"_coverageSchema":"332fd63041d2c1bcb487cc26dd0d5f7d97098a6c","hash":"3aec43d235fb51a979dccf000e631df3f9269e14"}
,"/Users/djp/401/shooters-log-graphql/graphql/types/user-type.js": {"path":"/Users/djp/401/shooters-log-graphql/graphql/types/user-type.js","statementMap":{"0":{"start":{"line":19,"column":17},"end":{"line":62,"column":3}}},"fnMap":{"0":{"name":"(anonymous_0)","decl":{"start":{"line":19,"column":10},"end":{"line":19,"column":11}},"loc":{"start":{"line":19,"column":17},"end":{"line":62,"column":3}},"line":19}},"branchMap":{},"s":{"0":0},"f":{"0":0},"b":{},"_coverageSchema":"332fd63041d2c1bcb487cc26dd0d5f7d97098a6c","hash":"462082007e3d243748d289054f3afab41c91ec39"}
,"/Users/djp/401/shooters-log-graphql/models/barrel-model.js": {"path":"/Users/djp/401/shooters-log-graphql/models/barrel-model.js","statementMap":{"0":{"start":{"line":4,"column":21},"end":{"line":14,"column":2}}},"fnMap":{},"branchMap":{},"s":{"0":1},"f":{},"b":{},"_coverageSchema":"332fd63041d2c1bcb487cc26dd0d5f7d97098a6c","hash":"b7daf8a62ac8e5090b476c6869c0621c97ecdd55"}
,"/Users/djp/401/shooters-log-graphql/models/competition-model.js": {"path":"/Users/djp/401/shooters-log-graphql/models/competition-model.js","statementMap":{"0":{"start":{"line":5,"column":26},"end":{"line":13,"column":2}}},"fnMap":{},"branchMap":{},"s":{"0":1},"f":{},"b":{},"_coverageSchema":"332fd63041d2c1bcb487cc26dd0d5f7d97098a6c","hash":"8a28ba32e074d39c7cf561cfab7701170a41b46a"}
,"/Users/djp/401/shooters-log-graphql/models/match-model.js": {"path":"/Users/djp/401/shooters-log-graphql/models/match-model.js","statementMap":{"0":{"start":{"line":4,"column":20},"end":{"line":17,"column":2}}},"fnMap":{},"branchMap":{},"s":{"0":1},"f":{},"b":{},"_coverageSchema":"332fd63041d2c1bcb487cc26dd0d5f7d97098a6c","hash":"f6535fe80fcbe2b93c5459fe3b0b835a9f5cfd21"}
,"/Users/djp/401/shooters-log-graphql/models/shot-model.js": {"path":"/Users/djp/401/shooters-log-graphql/models/shot-model.js","statementMap":{"0":{"start":{"line":4,"column":19},"end":{"line":20,"column":2}}},"fnMap":{},"branchMap":{},"s":{"0":1},"f":{},"b":{},"_coverageSchema":"332fd63041d2c1bcb487cc26dd0d5f7d97098a6c","hash":"ae22e4c399bec5a59c44cecbc526f9e96b3b5e5d"}
,"/Users/djp/401/shooters-log-graphql/models/user-model.js": {"path":"/Users/djp/401/shooters-log-graphql/models/user-model.js","statementMap":{"0":{"start":{"line":5,"column":19},"end":{"line":14,"column":2}},"1":{"start":{"line":17,"column":0},"end":{"line":26,"column":2}},"2":{"start":{"line":18,"column":2},"end":{"line":18,"column":24}},"3":{"start":{"line":19,"column":2},"end":{"line":25,"column":5}},"4":{"start":{"line":20,"column":4},"end":{"line":24,"column":7}},"5":{"start":{"line":21,"column":6},"end":{"line":21,"column":27}},"6":{"start":{"line":22,"column":6},"end":{"line":22,"column":20}},"7":{"start":{"line":23,"column":6},"end":{"line":23,"column":18}},"8":{"start":{"line":28,"column":0},"end":{"line":37,"column":2}},"9":{"start":{"line":29,"column":2},"end":{"line":29,"column":23}},"10":{"start":{"line":30,"column":2},"end":{"line":36,"column":5}},"11":{"start":{"line":31,"column":4},"end":{"line":35,"column":7}},"12":{"start":{"line":32,"column":6},"end":{"line":32,"column":33}},"13":{"start":{"line":32,"column":14},"end":{"line":32,"column":33}},"14":{"start":{"line":33,"column":6},"end":{"line":33,"column":67}},"15":{"start":{"line":33,"column":18},"end":{"line":33,"column":67}},"16":{"start":{"line":34,"column":6},"end":{"line":34,"column":20}},"17":{"start":{"line":39,"column":0},"end":{"line":56,"column":2}},"18":{"start":{"line":40,"column":2},"end":{"line":40,"column":28}},"19":{"start":{"line":41,"column":2},"end":{"line":55,"column":5}},"20":{"start":{"line":42,"column":16},"end":{"line":42,"column":17}},"21":{"start":{"line":43,"column":4},"end":{"line":43,"column":33}},"22":{"start":{"line":46,"column":6},"end":{"line":46,"column":61}},"23":{"start":{"line":47,"column":6},"end":{"line":53,"column":9}},"24":{"start":{"line":48,"column":18},"end":{"line":48,"column":40}},"25":{"start":{"line":50,"column":8},"end":{"line":50,"column":34}},"26":{"start":{"line":50,"column":22},"end":{"line":50,"column":34}},"27":{"start":{"line":51,"column":8},"end":{"line":51,"column":17}},"28":{"start":{"line":52,"column":8},"end":{"line":52,"column":37}},"29":{"start":{"line":58,"column":0},"end":{"line":65,"column":2}},"30":{"start":{"line":59,"column":2},"end":{"line":59,"column":25}},"31":{"start":{"line":60,"column":2},"end":{"line":64,"column":5}},"32":{"start":{"line":61,"column":4},"end":{"line":63,"column":19}},"33":{"start":{"line":62,"column":23},"end":{"line":62,"column":101}}},"fnMap":{"0":{"name":"(anonymous_0)","decl":{"start":{"line":17,"column":34},"end":{"line":17,"column":35}},"loc":{"start":{"line":17,"column":52},"end":{"line":26,"column":1}},"line":17},"1":{"name":"(anonymous_1)","decl":{"start":{"line":19,"column":21},"end":{"line":19,"column":22}},"loc":{"start":{"line":19,"column":42},"end":{"line":25,"column":3}},"line":19},"2":{"name":"(anonymous_2)","decl":{"start":{"line":20,"column":29},"end":{"line":20,"column":30}},"loc":{"start":{"line":20,"column":44},"end":{"line":24,"column":5}},"line":20},"3":{"name":"(anonymous_3)","decl":{"start":{"line":28,"column":33},"end":{"line":28,"column":34}},"loc":{"start":{"line":28,"column":51},"end":{"line":37,"column":1}},"line":28},"4":{"name":"(anonymous_4)","decl":{"start":{"line":30,"column":21},"end":{"line":30,"column":22}},"loc":{"start":{"line":30,"column":42},"end":{"line":36,"column":3}},"line":30},"5":{"name":"(anonymous_5)","decl":{"start":{"line":31,"column":44},"end":{"line":31,"column":45}},"loc":{"start":{"line":31,"column":61},"end":{"line":35,"column":5}},"line":31},"6":{"name":"(anonymous_6)","decl":{"start":{"line":39,"column":38},"end":{"line":39,"column":39}},"loc":{"start":{"line":39,"column":48},"end":{"line":56,"column":1}},"line":39},"7":{"name":"(anonymous_7)","decl":{"start":{"line":41,"column":21},"end":{"line":41,"column":22}},"loc":{"start":{"line":41,"column":42},"end":{"line":55,"column":3}},"line":41},"8":{"name":"_generateFindHash","decl":{"start":{"line":45,"column":13},"end":{"line":45,"column":30}},"loc":{"start":{"line":45,"column":32},"end":{"line":54,"column":5}},"line":45},"9":{"name":"(anonymous_9)","decl":{"start":{"line":48,"column":12},"end":{"line":48,"column":13}},"loc":{"start":{"line":48,"column":18},"end":{"line":48,"column":40}},"line":48},"10":{"name":"(anonymous_10)","decl":{"start":{"line":49,"column":13},"end":{"line":49,"column":14}},"loc":{"start":{"line":49,"column":22},"end":{"line":53,"column":7}},"line":49},"11":{"name":"(anonymous_11)","decl":{"start":{"line":58,"column":35},"end":{"line":58,"column":36}},"loc":{"start":{"line":58,"column":46},"end":{"line":65,"column":1}},"line":58},"12":{"name":"(anonymous_12)","decl":{"start":{"line":60,"column":21},"end":{"line":60,"column":22}},"loc":{"start":{"line":60,"column":42},"end":{"line":64,"column":3}},"line":60},"13":{"name":"(anonymous_13)","decl":{"start":{"line":62,"column":11},"end":{"line":62,"column":12}},"loc":{"start":{"line":62,"column":23},"end":{"line":62,"column":101}},"line":62}},"branchMap":{"0":{"loc":{"start":{"line":32,"column":6},"end":{"line":32,"column":33}},"type":"if","locations":[{"start":{"line":32,"column":6},"end":{"line":32,"column":33}},{"start":{"line":32,"column":6},"end":{"line":32,"column":33}}],"line":32},"1":{"loc":{"start":{"line":33,"column":6},"end":{"line":33,"column":67}},"type":"if","locations":[{"start":{"line":33,"column":6},"end":{"line":33,"column":67}},{"start":{"line":33,"column":6},"end":{"line":33,"column":67}}],"line":33},"2":{"loc":{"start":{"line":50,"column":8},"end":{"line":50,"column":34}},"type":"if","locations":[{"start":{"line":50,"column":8},"end":{"line":50,"column":34}},{"start":{"line":50,"column":8},"end":{"line":50,"column":34}}],"line":50}},"s":{"0":1,"1":1,"2":0,"3":0,"4":0,"5":0,"6":0,"7":0,"8":1,"9":0,"10":0,"11":0,"12":0,"13":0,"14":0,"15":0,"16":0,"17":1,"18":0,"19":0,"20":0,"21":0,"22":0,"23":0,"24":0,"25":0,"26":0,"27":0,"28":0,"29":1,"30":0,"31":0,"32":0,"33":0},"f":{"0":0,"1":0,"2":0,"3":0,"4":0,"5":0,"6":0,"7":0,"8":0,"9":0,"10":0,"11":0,"12":0,"13":0},"b":{"0":[0,0],"1":[0,0],"2":[0,0]},"_coverageSchema":"332fd63041d2c1bcb487cc26dd0d5f7d97098a6c","hash":"9c711a494751cdf693a0d724266d4a032252b828"}
}
